

 The input file has been read successfully 
 Number of elements:              457
 Number of nodes:                 974
 Number of constraints:             0
 Total no. degrees of freedom:   1948

  Column            1  node            1  DOF            1
 Row    1 node    1 DOF    1 Stiffness     0.24746D+02 Numerical deriv     0.24746D+02
 Row    2 node    1 DOF    2 Stiffness     0.14191D+02 Numerical deriv     0.14191D+02
 Row    3 node    2 DOF    1 Stiffness     0.69508D+01 Numerical deriv     0.69508D+01
 Row    4 node    2 DOF    2 Stiffness     0.67521D+01 Numerical deriv     0.67521D+01
 Row    5 node    3 DOF    1 Stiffness     0.61513D+00 Numerical deriv     0.61513D+00
 Row    6 node    3 DOF    2 Stiffness    -0.17226D+01 Numerical deriv    -0.17226D+01
 Row    7 node    4 DOF    1 Stiffness    -0.29616D+02 Numerical deriv    -0.29616D+02
 Row    8 node    4 DOF    2 Stiffness    -0.26813D+02 Numerical deriv    -0.26813D+02
 Row    9 node    5 DOF    1 Stiffness     0.10780D+01 Numerical deriv     0.10780D+01
 Row   10 node    5 DOF    2 Stiffness    -0.11232D+00 Numerical deriv    -0.11232D+00
 Row   11 node    6 DOF    1 Stiffness    -0.37742D+01 Numerical deriv    -0.37742D+01
 Row   12 node    6 DOF    2 Stiffness     0.77050D+01 Numerical deriv     0.77050D+01

  Column            2  node            1  DOF            2
 Row    1 node    1 DOF    1 Stiffness     0.14191D+02 Numerical deriv     0.14191D+02
 Row    2 node    1 DOF    2 Stiffness     0.67224D+02 Numerical deriv     0.67224D+02
 Row    3 node    2 DOF    1 Stiffness     0.99573D+01 Numerical deriv     0.99573D+01
 Row    4 node    2 DOF    2 Stiffness     0.35529D+01 Numerical deriv     0.35529D+01
 Row    5 node    3 DOF    1 Stiffness    -0.49277D+01 Numerical deriv    -0.49277D+01
 Row    6 node    3 DOF    2 Stiffness     0.18719D+02 Numerical deriv     0.18719D+02
 Row    7 node    4 DOF    1 Stiffness    -0.39634D+02 Numerical deriv    -0.39634D+02
 Row    8 node    4 DOF    2 Stiffness    -0.14922D+02 Numerical deriv    -0.14922D+02
 Row    9 node    5 DOF    1 Stiffness    -0.11232D+00 Numerical deriv    -0.11232D+00
 Row   10 node    5 DOF    2 Stiffness     0.11113D+01 Numerical deriv     0.11113D+01
 Row   11 node    6 DOF    1 Stiffness     0.20526D+02 Numerical deriv     0.20526D+02
 Row   12 node    6 DOF    2 Stiffness    -0.75685D+02 Numerical deriv    -0.75685D+02

  Column            3  node            2  DOF            1
 Row    1 node    1 DOF    1 Stiffness     0.69508D+01 Numerical deriv     0.69508D+01
 Row    2 node    1 DOF    2 Stiffness     0.99573D+01 Numerical deriv     0.99573D+01
 Row    3 node    2 DOF    1 Stiffness     0.68755D+02 Numerical deriv     0.68755D+02
 Row    4 node    2 DOF    2 Stiffness     0.40041D+01 Numerical deriv     0.40041D+01
 Row    5 node    3 DOF    1 Stiffness     0.16208D+02 Numerical deriv     0.16208D+02
 Row    6 node    3 DOF    2 Stiffness    -0.87283D+01 Numerical deriv    -0.87283D+01
 Row    7 node    4 DOF    1 Stiffness    -0.26580D+02 Numerical deriv    -0.26580D+02
 Row    8 node    4 DOF    2 Stiffness    -0.39585D+02 Numerical deriv    -0.39585D+02
 Row    9 node    5 DOF    1 Stiffness    -0.67730D+02 Numerical deriv    -0.67730D+02
 Row   10 node    5 DOF    2 Stiffness     0.34589D+02 Numerical deriv     0.34589D+02
 Row   11 node    6 DOF    1 Stiffness     0.23974D+01 Numerical deriv     0.23974D+01
 Row   12 node    6 DOF    2 Stiffness    -0.23675D+00 Numerical deriv    -0.23675D+00

  Column            4  node            2  DOF            2
 Row    1 node    1 DOF    1 Stiffness     0.67521D+01 Numerical deriv     0.67521D+01
 Row    2 node    1 DOF    2 Stiffness     0.35529D+01 Numerical deriv     0.35529D+01
 Row    3 node    2 DOF    1 Stiffness     0.40041D+01 Numerical deriv     0.40041D+01
 Row    4 node    2 DOF    2 Stiffness     0.20065D+02 Numerical deriv     0.20065D+02
 Row    5 node    3 DOF    1 Stiffness    -0.55232D+01 Numerical deriv    -0.55232D+01
 Row    6 node    3 DOF    2 Stiffness     0.31823D+01 Numerical deriv     0.31823D+01
 Row    7 node    4 DOF    1 Stiffness    -0.26765D+02 Numerical deriv    -0.26765D+02
 Row    8 node    4 DOF    2 Stiffness    -0.14718D+02 Numerical deriv    -0.14718D+02
 Row    9 node    5 DOF    1 Stiffness     0.21769D+02 Numerical deriv     0.21769D+02
 Row   10 node    5 DOF    2 Stiffness    -0.12709D+02 Numerical deriv    -0.12709D+02
 Row   11 node    6 DOF    1 Stiffness    -0.23675D+00 Numerical deriv    -0.23675D+00
 Row   12 node    6 DOF    2 Stiffness     0.62670D+00 Numerical deriv     0.62670D+00

  Column            5  node            3  DOF            1
 Row    1 node    1 DOF    1 Stiffness     0.61513D+00 Numerical deriv     0.61513D+00
 Row    2 node    1 DOF    2 Stiffness    -0.49277D+01 Numerical deriv    -0.49277D+01
 Row    3 node    2 DOF    1 Stiffness     0.16208D+02 Numerical deriv     0.16208D+02
 Row    4 node    2 DOF    2 Stiffness    -0.55232D+01 Numerical deriv    -0.55232D+01
 Row    5 node    3 DOF    1 Stiffness     0.49168D+02 Numerical deriv     0.49168D+02
 Row    6 node    3 DOF    2 Stiffness    -0.30780D+02 Numerical deriv    -0.30780D+02
 Row    7 node    4 DOF    1 Stiffness     0.23207D+01 Numerical deriv     0.23207D+01
 Row    8 node    4 DOF    2 Stiffness    -0.12019D+01 Numerical deriv    -0.12019D+01
 Row    9 node    5 DOF    1 Stiffness    -0.65709D+02 Numerical deriv    -0.65709D+02
 Row   10 node    5 DOF    2 Stiffness     0.23717D+02 Numerical deriv     0.23717D+02
 Row   11 node    6 DOF    1 Stiffness    -0.26026D+01 Numerical deriv    -0.26026D+01
 Row   12 node    6 DOF    2 Stiffness     0.18715D+02 Numerical deriv     0.18715D+02

  Column            6  node            3  DOF            2
 Row    1 node    1 DOF    1 Stiffness    -0.17226D+01 Numerical deriv    -0.17226D+01
 Row    2 node    1 DOF    2 Stiffness     0.18719D+02 Numerical deriv     0.18719D+02
 Row    3 node    2 DOF    1 Stiffness    -0.87283D+01 Numerical deriv    -0.87283D+01
 Row    4 node    2 DOF    2 Stiffness     0.31823D+01 Numerical deriv     0.31823D+01
 Row    5 node    3 DOF    1 Stiffness    -0.30780D+02 Numerical deriv    -0.30780D+02
 Row    6 node    3 DOF    2 Stiffness     0.65451D+02 Numerical deriv     0.65451D+02
 Row    7 node    4 DOF    1 Stiffness    -0.12019D+01 Numerical deriv    -0.12019D+01
 Row    8 node    4 DOF    2 Stiffness     0.15522D+01 Numerical deriv     0.15522D+01
 Row    9 node    5 DOF    1 Stiffness     0.36538D+02 Numerical deriv     0.36538D+02
 Row   10 node    5 DOF    2 Stiffness    -0.14388D+02 Numerical deriv    -0.14388D+02
 Row   11 node    6 DOF    1 Stiffness     0.58948D+01 Numerical deriv     0.58948D+01
 Row   12 node    6 DOF    2 Stiffness    -0.74517D+02 Numerical deriv    -0.74517D+02

  Column            7  node            4  DOF            1
 Row    1 node    1 DOF    1 Stiffness    -0.29616D+02 Numerical deriv    -0.29616D+02
 Row    2 node    1 DOF    2 Stiffness    -0.39634D+02 Numerical deriv    -0.39634D+02
 Row    3 node    2 DOF    1 Stiffness    -0.26580D+02 Numerical deriv    -0.26580D+02
 Row    4 node    2 DOF    2 Stiffness    -0.26765D+02 Numerical deriv    -0.26765D+02
 Row    5 node    3 DOF    1 Stiffness     0.23207D+01 Numerical deriv     0.23207D+01
 Row    6 node    3 DOF    2 Stiffness    -0.12019D+01 Numerical deriv    -0.12019D+01
 Row    7 node    4 DOF    1 Stiffness     0.20189D+03 Numerical deriv     0.20189D+03
 Row    8 node    4 DOF    2 Stiffness    -0.23351D+02 Numerical deriv    -0.23351D+02
 Row    9 node    5 DOF    1 Stiffness    -0.11974D+02 Numerical deriv    -0.11974D+02
 Row   10 node    5 DOF    2 Stiffness     0.32227D+02 Numerical deriv     0.32227D+02
 Row   11 node    6 DOF    1 Stiffness    -0.13604D+03 Numerical deriv    -0.13604D+03
 Row   12 node    6 DOF    2 Stiffness     0.58724D+02 Numerical deriv     0.58724D+02

  Column            8  node            4  DOF            2
 Row    1 node    1 DOF    1 Stiffness    -0.26813D+02 Numerical deriv    -0.26813D+02
 Row    2 node    1 DOF    2 Stiffness    -0.14922D+02 Numerical deriv    -0.14922D+02
 Row    3 node    2 DOF    1 Stiffness    -0.39585D+02 Numerical deriv    -0.39585D+02
 Row    4 node    2 DOF    2 Stiffness    -0.14718D+02 Numerical deriv    -0.14718D+02
 Row    5 node    3 DOF    1 Stiffness    -0.12019D+01 Numerical deriv    -0.12019D+01
 Row    6 node    3 DOF    2 Stiffness     0.15522D+01 Numerical deriv     0.15522D+01
 Row    7 node    4 DOF    1 Stiffness    -0.23351D+02 Numerical deriv    -0.23351D+02
 Row    8 node    4 DOF    2 Stiffness     0.21475D+03 Numerical deriv     0.21475D+03
 Row    9 node    5 DOF    1 Stiffness     0.32227D+02 Numerical deriv     0.32227D+02
 Row   10 node    5 DOF    2 Stiffness    -0.15856D+03 Numerical deriv    -0.15856D+03
 Row   11 node    6 DOF    1 Stiffness     0.58724D+02 Numerical deriv     0.58724D+02
 Row   12 node    6 DOF    2 Stiffness    -0.28103D+02 Numerical deriv    -0.28103D+02

  Column            9  node            5  DOF            1
 Row    1 node    1 DOF    1 Stiffness     0.10780D+01 Numerical deriv     0.10780D+01
 Row    2 node    1 DOF    2 Stiffness    -0.11232D+00 Numerical deriv    -0.11232D+00
 Row    3 node    2 DOF    1 Stiffness    -0.67730D+02 Numerical deriv    -0.67730D+02
 Row    4 node    2 DOF    2 Stiffness     0.21769D+02 Numerical deriv     0.21769D+02
 Row    5 node    3 DOF    1 Stiffness    -0.65709D+02 Numerical deriv    -0.65709D+02
 Row    6 node    3 DOF    2 Stiffness     0.36538D+02 Numerical deriv     0.36538D+02
 Row    7 node    4 DOF    1 Stiffness    -0.11974D+02 Numerical deriv    -0.11974D+02
 Row    8 node    4 DOF    2 Stiffness     0.32227D+02 Numerical deriv     0.32227D+02
 Row    9 node    5 DOF    1 Stiffness     0.20988D+03 Numerical deriv     0.20988D+03
 Row   10 node    5 DOF    2 Stiffness    -0.22497D+02 Numerical deriv    -0.22497D+02
 Row   11 node    6 DOF    1 Stiffness    -0.65543D+02 Numerical deriv    -0.65543D+02
 Row   12 node    6 DOF    2 Stiffness    -0.67924D+02 Numerical deriv    -0.67924D+02

  Column           10  node            5  DOF            2
 Row    1 node    1 DOF    1 Stiffness    -0.11232D+00 Numerical deriv    -0.11232D+00
 Row    2 node    1 DOF    2 Stiffness     0.11113D+01 Numerical deriv     0.11113D+01
 Row    3 node    2 DOF    1 Stiffness     0.34589D+02 Numerical deriv     0.34589D+02
 Row    4 node    2 DOF    2 Stiffness    -0.12709D+02 Numerical deriv    -0.12709D+02
 Row    5 node    3 DOF    1 Stiffness     0.23717D+02 Numerical deriv     0.23717D+02
 Row    6 node    3 DOF    2 Stiffness    -0.14388D+02 Numerical deriv    -0.14388D+02
 Row    7 node    4 DOF    1 Stiffness     0.32227D+02 Numerical deriv     0.32227D+02
 Row    8 node    4 DOF    2 Stiffness    -0.15856D+03 Numerical deriv    -0.15856D+03
 Row    9 node    5 DOF    1 Stiffness    -0.22497D+02 Numerical deriv    -0.22497D+02
 Row   10 node    5 DOF    2 Stiffness     0.21478D+03 Numerical deriv     0.21478D+03
 Row   11 node    6 DOF    1 Stiffness    -0.67924D+02 Numerical deriv    -0.67924D+02
 Row   12 node    6 DOF    2 Stiffness    -0.30242D+02 Numerical deriv    -0.30242D+02

  Column           11  node            6  DOF            1
 Row    1 node    1 DOF    1 Stiffness    -0.37742D+01 Numerical deriv    -0.37742D+01
 Row    2 node    1 DOF    2 Stiffness     0.20526D+02 Numerical deriv     0.20526D+02
 Row    3 node    2 DOF    1 Stiffness     0.23974D+01 Numerical deriv     0.23974D+01
 Row    4 node    2 DOF    2 Stiffness    -0.23675D+00 Numerical deriv    -0.23675D+00
 Row    5 node    3 DOF    1 Stiffness    -0.26026D+01 Numerical deriv    -0.26026D+01
 Row    6 node    3 DOF    2 Stiffness     0.58948D+01 Numerical deriv     0.58948D+01
 Row    7 node    4 DOF    1 Stiffness    -0.13604D+03 Numerical deriv    -0.13604D+03
 Row    8 node    4 DOF    2 Stiffness     0.58724D+02 Numerical deriv     0.58724D+02
 Row    9 node    5 DOF    1 Stiffness    -0.65543D+02 Numerical deriv    -0.65543D+02
 Row   10 node    5 DOF    2 Stiffness    -0.67924D+02 Numerical deriv    -0.67924D+02
 Row   11 node    6 DOF    1 Stiffness     0.20557D+03 Numerical deriv     0.20557D+03
 Row   12 node    6 DOF    2 Stiffness    -0.16983D+02 Numerical deriv    -0.16983D+02

  Column           12  node            6  DOF            2
 Row    1 node    1 DOF    1 Stiffness     0.77050D+01 Numerical deriv     0.77050D+01
 Row    2 node    1 DOF    2 Stiffness    -0.75685D+02 Numerical deriv    -0.75685D+02
 Row    3 node    2 DOF    1 Stiffness    -0.23675D+00 Numerical deriv    -0.23675D+00
 Row    4 node    2 DOF    2 Stiffness     0.62670D+00 Numerical deriv     0.62670D+00
 Row    5 node    3 DOF    1 Stiffness     0.18715D+02 Numerical deriv     0.18715D+02
 Row    6 node    3 DOF    2 Stiffness    -0.74517D+02 Numerical deriv    -0.74517D+02
 Row    7 node    4 DOF    1 Stiffness     0.58724D+02 Numerical deriv     0.58724D+02
 Row    8 node    4 DOF    2 Stiffness    -0.28103D+02 Numerical deriv    -0.28103D+02
 Row    9 node    5 DOF    1 Stiffness    -0.67924D+02 Numerical deriv    -0.67924D+02
 Row   10 node    5 DOF    2 Stiffness    -0.30242D+02 Numerical deriv    -0.30242D+02
 Row   11 node    6 DOF    1 Stiffness    -0.16983D+02 Numerical deriv    -0.16983D+02
 Row   12 node    6 DOF    2 Stiffness     0.20792D+03 Numerical deriv     0.20792D+03


 Stiffness matrix is consistent with residual 




 Direct Solver Profiler has completed profile computation 
     Total number of equations       1948
     Maximum half bandwidth:          165
     Mean half bandwidth:              60
     RMS half bandwidth:               81
     Size of stiffness matrix:     116862


 Direct Solver has completed LU decomposition 
    Conditioning information: 
      Max diagonal in reduced matrix:    0.4552E+03
      Min diagonal in reduced matrix:    0.1000E+01
      Ratio:                             0.4552E+03
      Maximum no. diagonal digits lost:   3


  Newton Raphson iteration       1
  Correction norm               0.223189D-02
  Generalized Force norm        0.210642D-02
  Out of balance force norm     0.283259D-15
  Ratio                         0.652925D-13
  Tolerance                     0.100000D-04


    Step number     1 has completed successfully
    Steps remaining:                           2
    Elapsed time:                     1.0000    
    Time remaining:                   9.0000    
    Time step has been adjusted to:   1.0000    
    Max time step:                    1.0000    
    Min time step:                   0.10000E-02


 Direct Solver has completed LU decomposition 
    Conditioning information: 
      Max diagonal in reduced matrix:    0.9200E-04
      Min diagonal in reduced matrix:    0.5672E-05
      Ratio:                             0.1622E+02
      Maximum no. diagonal digits lost:   1


 Direct Solver has completed LU decomposition 
    Conditioning information: 
      Max diagonal in reduced matrix:    0.4552E+03
      Min diagonal in reduced matrix:    0.1000E+01
      Ratio:                             0.4552E+03
      Maximum no. diagonal digits lost:   3


  Newton Raphson iteration       1
  Correction norm               0.686412D-16
  Generalized Force norm        0.421285D-02
  Out of balance force norm     0.858709D-16
  Ratio                         0.203831D-13
  Tolerance                     0.100000D-04


    Step number     2 has completed successfully
    Steps remaining:                           1
    Elapsed time:                     2.0000    
    Time remaining:                   8.0000    
    Time step has been adjusted to:   1.0000    
    Max time step:                    1.0000    
    Min time step:                   0.10000E-02


 Direct Solver has completed LU decomposition 
    Conditioning information: 
      Max diagonal in reduced matrix:    0.9200E-04
      Min diagonal in reduced matrix:    0.5672E-05
      Ratio:                             0.1622E+02
      Maximum no. diagonal digits lost:   1


 Direct Solver has completed LU decomposition 
    Conditioning information: 
      Max diagonal in reduced matrix:    0.4552E+03
      Min diagonal in reduced matrix:    0.1000E+01
      Ratio:                             0.4552E+03
      Maximum no. diagonal digits lost:   3


  Newton Raphson iteration       1
  Correction norm               0.351465D-16
  Generalized Force norm        0.631927D-02
  Out of balance force norm     0.869141D-16
  Ratio                         0.137538D-13
  Tolerance                     0.100000D-04


    Step number     3 has completed successfully
    Steps remaining:                           0
    Elapsed time:                     3.0000    
    Time remaining:                   7.0000    
    Time step has been adjusted to:   1.0000    
    Max time step:                    1.0000    
    Min time step:                   0.10000E-02


 Direct Solver has completed LU decomposition 
    Conditioning information: 
      Max diagonal in reduced matrix:    0.9200E-04
      Min diagonal in reduced matrix:    0.5672E-05
      Ratio:                             0.1622E+02
      Maximum no. diagonal digits lost:   1

  Column            1  node            1  DOF            1
 Row    1 node    1 DOF    1 Stiffness     0.24746D+02 Numerical deriv     0.24746D+02
 Row    2 node    1 DOF    2 Stiffness     0.14191D+02 Numerical deriv     0.14191D+02
 Row    3 node    2 DOF    1 Stiffness     0.69508D+01 Numerical deriv     0.69508D+01
 Row    4 node    2 DOF    2 Stiffness     0.67521D+01 Numerical deriv     0.67521D+01
 Row    5 node    3 DOF    1 Stiffness     0.61513D+00 Numerical deriv     0.61513D+00
 Row    6 node    3 DOF    2 Stiffness    -0.17226D+01 Numerical deriv    -0.17226D+01
 Row    7 node    4 DOF    1 Stiffness    -0.29616D+02 Numerical deriv    -0.29616D+02
 Row    8 node    4 DOF    2 Stiffness    -0.26813D+02 Numerical deriv    -0.26813D+02
 Row    9 node    5 DOF    1 Stiffness     0.10780D+01 Numerical deriv     0.10780D+01
 Row   10 node    5 DOF    2 Stiffness    -0.11232D+00 Numerical deriv    -0.11232D+00
 Row   11 node    6 DOF    1 Stiffness    -0.37742D+01 Numerical deriv    -0.37742D+01
 Row   12 node    6 DOF    2 Stiffness     0.77050D+01 Numerical deriv     0.77050D+01

  Column            2  node            1  DOF            2
 Row    1 node    1 DOF    1 Stiffness     0.14191D+02 Numerical deriv     0.14191D+02
 Row    2 node    1 DOF    2 Stiffness     0.67224D+02 Numerical deriv     0.67224D+02
 Row    3 node    2 DOF    1 Stiffness     0.99573D+01 Numerical deriv     0.99573D+01
 Row    4 node    2 DOF    2 Stiffness     0.35529D+01 Numerical deriv     0.35529D+01
 Row    5 node    3 DOF    1 Stiffness    -0.49277D+01 Numerical deriv    -0.49277D+01
 Row    6 node    3 DOF    2 Stiffness     0.18719D+02 Numerical deriv     0.18719D+02
 Row    7 node    4 DOF    1 Stiffness    -0.39634D+02 Numerical deriv    -0.39634D+02
 Row    8 node    4 DOF    2 Stiffness    -0.14922D+02 Numerical deriv    -0.14922D+02
 Row    9 node    5 DOF    1 Stiffness    -0.11232D+00 Numerical deriv    -0.11232D+00
 Row   10 node    5 DOF    2 Stiffness     0.11113D+01 Numerical deriv     0.11113D+01
 Row   11 node    6 DOF    1 Stiffness     0.20526D+02 Numerical deriv     0.20526D+02
 Row   12 node    6 DOF    2 Stiffness    -0.75685D+02 Numerical deriv    -0.75685D+02

  Column            3  node            2  DOF            1
 Row    1 node    1 DOF    1 Stiffness     0.69508D+01 Numerical deriv     0.69508D+01
 Row    2 node    1 DOF    2 Stiffness     0.99573D+01 Numerical deriv     0.99573D+01
 Row    3 node    2 DOF    1 Stiffness     0.68755D+02 Numerical deriv     0.68755D+02
 Row    4 node    2 DOF    2 Stiffness     0.40041D+01 Numerical deriv     0.40041D+01
 Row    5 node    3 DOF    1 Stiffness     0.16208D+02 Numerical deriv     0.16208D+02
 Row    6 node    3 DOF    2 Stiffness    -0.87283D+01 Numerical deriv    -0.87283D+01
 Row    7 node    4 DOF    1 Stiffness    -0.26580D+02 Numerical deriv    -0.26580D+02
 Row    8 node    4 DOF    2 Stiffness    -0.39585D+02 Numerical deriv    -0.39585D+02
 Row    9 node    5 DOF    1 Stiffness    -0.67730D+02 Numerical deriv    -0.67730D+02
 Row   10 node    5 DOF    2 Stiffness     0.34589D+02 Numerical deriv     0.34589D+02
 Row   11 node    6 DOF    1 Stiffness     0.23974D+01 Numerical deriv     0.23974D+01
 Row   12 node    6 DOF    2 Stiffness    -0.23675D+00 Numerical deriv    -0.23675D+00

  Column            4  node            2  DOF            2
 Row    1 node    1 DOF    1 Stiffness     0.67521D+01 Numerical deriv     0.67521D+01
 Row    2 node    1 DOF    2 Stiffness     0.35529D+01 Numerical deriv     0.35529D+01
 Row    3 node    2 DOF    1 Stiffness     0.40041D+01 Numerical deriv     0.40041D+01
 Row    4 node    2 DOF    2 Stiffness     0.20065D+02 Numerical deriv     0.20065D+02
 Row    5 node    3 DOF    1 Stiffness    -0.55232D+01 Numerical deriv    -0.55232D+01
 Row    6 node    3 DOF    2 Stiffness     0.31823D+01 Numerical deriv     0.31823D+01
 Row    7 node    4 DOF    1 Stiffness    -0.26765D+02 Numerical deriv    -0.26765D+02
 Row    8 node    4 DOF    2 Stiffness    -0.14718D+02 Numerical deriv    -0.14718D+02
 Row    9 node    5 DOF    1 Stiffness     0.21769D+02 Numerical deriv     0.21769D+02
 Row   10 node    5 DOF    2 Stiffness    -0.12709D+02 Numerical deriv    -0.12709D+02
 Row   11 node    6 DOF    1 Stiffness    -0.23675D+00 Numerical deriv    -0.23675D+00
 Row   12 node    6 DOF    2 Stiffness     0.62670D+00 Numerical deriv     0.62670D+00

  Column            5  node            3  DOF            1
 Row    1 node    1 DOF    1 Stiffness     0.61513D+00 Numerical deriv     0.61513D+00
 Row    2 node    1 DOF    2 Stiffness    -0.49277D+01 Numerical deriv    -0.49277D+01
 Row    3 node    2 DOF    1 Stiffness     0.16208D+02 Numerical deriv     0.16208D+02
 Row    4 node    2 DOF    2 Stiffness    -0.55232D+01 Numerical deriv    -0.55232D+01
 Row    5 node    3 DOF    1 Stiffness     0.49168D+02 Numerical deriv     0.49168D+02
 Row    6 node    3 DOF    2 Stiffness    -0.30780D+02 Numerical deriv    -0.30780D+02
 Row    7 node    4 DOF    1 Stiffness     0.23207D+01 Numerical deriv     0.23207D+01
 Row    8 node    4 DOF    2 Stiffness    -0.12019D+01 Numerical deriv    -0.12019D+01
 Row    9 node    5 DOF    1 Stiffness    -0.65709D+02 Numerical deriv    -0.65709D+02
 Row   10 node    5 DOF    2 Stiffness     0.23717D+02 Numerical deriv     0.23717D+02
 Row   11 node    6 DOF    1 Stiffness    -0.26026D+01 Numerical deriv    -0.26026D+01
 Row   12 node    6 DOF    2 Stiffness     0.18715D+02 Numerical deriv     0.18715D+02

  Column            6  node            3  DOF            2
 Row    1 node    1 DOF    1 Stiffness    -0.17226D+01 Numerical deriv    -0.17226D+01
 Row    2 node    1 DOF    2 Stiffness     0.18719D+02 Numerical deriv     0.18719D+02
 Row    3 node    2 DOF    1 Stiffness    -0.87283D+01 Numerical deriv    -0.87283D+01
 Row    4 node    2 DOF    2 Stiffness     0.31823D+01 Numerical deriv     0.31823D+01
 Row    5 node    3 DOF    1 Stiffness    -0.30780D+02 Numerical deriv    -0.30780D+02
 Row    6 node    3 DOF    2 Stiffness     0.65451D+02 Numerical deriv     0.65451D+02
 Row    7 node    4 DOF    1 Stiffness    -0.12019D+01 Numerical deriv    -0.12019D+01
 Row    8 node    4 DOF    2 Stiffness     0.15522D+01 Numerical deriv     0.15522D+01
 Row    9 node    5 DOF    1 Stiffness     0.36538D+02 Numerical deriv     0.36538D+02
 Row   10 node    5 DOF    2 Stiffness    -0.14388D+02 Numerical deriv    -0.14388D+02
 Row   11 node    6 DOF    1 Stiffness     0.58948D+01 Numerical deriv     0.58948D+01
 Row   12 node    6 DOF    2 Stiffness    -0.74517D+02 Numerical deriv    -0.74517D+02

  Column            7  node            4  DOF            1
 Row    1 node    1 DOF    1 Stiffness    -0.29616D+02 Numerical deriv    -0.29616D+02
 Row    2 node    1 DOF    2 Stiffness    -0.39634D+02 Numerical deriv    -0.39634D+02
 Row    3 node    2 DOF    1 Stiffness    -0.26580D+02 Numerical deriv    -0.26580D+02
 Row    4 node    2 DOF    2 Stiffness    -0.26765D+02 Numerical deriv    -0.26765D+02
 Row    5 node    3 DOF    1 Stiffness     0.23207D+01 Numerical deriv     0.23207D+01
 Row    6 node    3 DOF    2 Stiffness    -0.12019D+01 Numerical deriv    -0.12019D+01
 Row    7 node    4 DOF    1 Stiffness     0.20189D+03 Numerical deriv     0.20189D+03
 Row    8 node    4 DOF    2 Stiffness    -0.23351D+02 Numerical deriv    -0.23351D+02
 Row    9 node    5 DOF    1 Stiffness    -0.11974D+02 Numerical deriv    -0.11974D+02
 Row   10 node    5 DOF    2 Stiffness     0.32227D+02 Numerical deriv     0.32227D+02
 Row   11 node    6 DOF    1 Stiffness    -0.13604D+03 Numerical deriv    -0.13604D+03
 Row   12 node    6 DOF    2 Stiffness     0.58724D+02 Numerical deriv     0.58724D+02

  Column            8  node            4  DOF            2
 Row    1 node    1 DOF    1 Stiffness    -0.26813D+02 Numerical deriv    -0.26813D+02
 Row    2 node    1 DOF    2 Stiffness    -0.14922D+02 Numerical deriv    -0.14922D+02
 Row    3 node    2 DOF    1 Stiffness    -0.39585D+02 Numerical deriv    -0.39585D+02
 Row    4 node    2 DOF    2 Stiffness    -0.14718D+02 Numerical deriv    -0.14718D+02
 Row    5 node    3 DOF    1 Stiffness    -0.12019D+01 Numerical deriv    -0.12019D+01
 Row    6 node    3 DOF    2 Stiffness     0.15522D+01 Numerical deriv     0.15522D+01
 Row    7 node    4 DOF    1 Stiffness    -0.23351D+02 Numerical deriv    -0.23351D+02
 Row    8 node    4 DOF    2 Stiffness     0.21475D+03 Numerical deriv     0.21475D+03
 Row    9 node    5 DOF    1 Stiffness     0.32227D+02 Numerical deriv     0.32227D+02
 Row   10 node    5 DOF    2 Stiffness    -0.15856D+03 Numerical deriv    -0.15856D+03
 Row   11 node    6 DOF    1 Stiffness     0.58724D+02 Numerical deriv     0.58724D+02
 Row   12 node    6 DOF    2 Stiffness    -0.28103D+02 Numerical deriv    -0.28103D+02

  Column            9  node            5  DOF            1
 Row    1 node    1 DOF    1 Stiffness     0.10780D+01 Numerical deriv     0.10780D+01
 Row    2 node    1 DOF    2 Stiffness    -0.11232D+00 Numerical deriv    -0.11232D+00
 Row    3 node    2 DOF    1 Stiffness    -0.67730D+02 Numerical deriv    -0.67730D+02
 Row    4 node    2 DOF    2 Stiffness     0.21769D+02 Numerical deriv     0.21769D+02
 Row    5 node    3 DOF    1 Stiffness    -0.65709D+02 Numerical deriv    -0.65709D+02
 Row    6 node    3 DOF    2 Stiffness     0.36538D+02 Numerical deriv     0.36538D+02
 Row    7 node    4 DOF    1 Stiffness    -0.11974D+02 Numerical deriv    -0.11974D+02
 Row    8 node    4 DOF    2 Stiffness     0.32227D+02 Numerical deriv     0.32227D+02
 Row    9 node    5 DOF    1 Stiffness     0.20988D+03 Numerical deriv     0.20988D+03
 Row   10 node    5 DOF    2 Stiffness    -0.22497D+02 Numerical deriv    -0.22497D+02
 Row   11 node    6 DOF    1 Stiffness    -0.65543D+02 Numerical deriv    -0.65543D+02
 Row   12 node    6 DOF    2 Stiffness    -0.67924D+02 Numerical deriv    -0.67924D+02

  Column           10  node            5  DOF            2
 Row    1 node    1 DOF    1 Stiffness    -0.11232D+00 Numerical deriv    -0.11232D+00
 Row    2 node    1 DOF    2 Stiffness     0.11113D+01 Numerical deriv     0.11113D+01
 Row    3 node    2 DOF    1 Stiffness     0.34589D+02 Numerical deriv     0.34589D+02
 Row    4 node    2 DOF    2 Stiffness    -0.12709D+02 Numerical deriv    -0.12709D+02
 Row    5 node    3 DOF    1 Stiffness     0.23717D+02 Numerical deriv     0.23717D+02
 Row    6 node    3 DOF    2 Stiffness    -0.14388D+02 Numerical deriv    -0.14388D+02
 Row    7 node    4 DOF    1 Stiffness     0.32227D+02 Numerical deriv     0.32227D+02
 Row    8 node    4 DOF    2 Stiffness    -0.15856D+03 Numerical deriv    -0.15856D+03
 Row    9 node    5 DOF    1 Stiffness    -0.22497D+02 Numerical deriv    -0.22497D+02
 Row   10 node    5 DOF    2 Stiffness     0.21478D+03 Numerical deriv     0.21478D+03
 Row   11 node    6 DOF    1 Stiffness    -0.67924D+02 Numerical deriv    -0.67924D+02
 Row   12 node    6 DOF    2 Stiffness    -0.30242D+02 Numerical deriv    -0.30242D+02

  Column           11  node            6  DOF            1
 Row    1 node    1 DOF    1 Stiffness    -0.37742D+01 Numerical deriv    -0.37742D+01
 Row    2 node    1 DOF    2 Stiffness     0.20526D+02 Numerical deriv     0.20526D+02
 Row    3 node    2 DOF    1 Stiffness     0.23974D+01 Numerical deriv     0.23974D+01
 Row    4 node    2 DOF    2 Stiffness    -0.23675D+00 Numerical deriv    -0.23675D+00
 Row    5 node    3 DOF    1 Stiffness    -0.26026D+01 Numerical deriv    -0.26026D+01
 Row    6 node    3 DOF    2 Stiffness     0.58948D+01 Numerical deriv     0.58948D+01
 Row    7 node    4 DOF    1 Stiffness    -0.13604D+03 Numerical deriv    -0.13604D+03
 Row    8 node    4 DOF    2 Stiffness     0.58724D+02 Numerical deriv     0.58724D+02
 Row    9 node    5 DOF    1 Stiffness    -0.65543D+02 Numerical deriv    -0.65543D+02
 Row   10 node    5 DOF    2 Stiffness    -0.67924D+02 Numerical deriv    -0.67924D+02
 Row   11 node    6 DOF    1 Stiffness     0.20557D+03 Numerical deriv     0.20557D+03
 Row   12 node    6 DOF    2 Stiffness    -0.16983D+02 Numerical deriv    -0.16983D+02

  Column           12  node            6  DOF            2
 Row    1 node    1 DOF    1 Stiffness     0.77050D+01 Numerical deriv     0.77050D+01
 Row    2 node    1 DOF    2 Stiffness    -0.75685D+02 Numerical deriv    -0.75685D+02
 Row    3 node    2 DOF    1 Stiffness    -0.23675D+00 Numerical deriv    -0.23675D+00
 Row    4 node    2 DOF    2 Stiffness     0.62670D+00 Numerical deriv     0.62670D+00
 Row    5 node    3 DOF    1 Stiffness     0.18715D+02 Numerical deriv     0.18715D+02
 Row    6 node    3 DOF    2 Stiffness    -0.74517D+02 Numerical deriv    -0.74517D+02
 Row    7 node    4 DOF    1 Stiffness     0.58724D+02 Numerical deriv     0.58724D+02
 Row    8 node    4 DOF    2 Stiffness    -0.28103D+02 Numerical deriv    -0.28103D+02
 Row    9 node    5 DOF    1 Stiffness    -0.67924D+02 Numerical deriv    -0.67924D+02
 Row   10 node    5 DOF    2 Stiffness    -0.30242D+02 Numerical deriv    -0.30242D+02
 Row   11 node    6 DOF    1 Stiffness    -0.16983D+02 Numerical deriv    -0.16983D+02
 Row   12 node    6 DOF    2 Stiffness     0.20792D+03 Numerical deriv     0.20792D+03


 Stiffness matrix is consistent with residual 


